<?xml version="1.0" encoding="UTF-8"?>
<!-- Generated by org.testng.reporters.JUnitReportReporter -->
<testsuite hostname="DESKTOP-2G50FIL" failures="1" tests="1" name="runners.GoogleSearhRunner" time="87.428" errors="0" timestamp="2024-03-22T09:41:30 IST" skipped="0">
  <testcase classname="runners.GoogleSearhRunner" name="runScenario" time="87.428">
    <failure message="expected [Selenium] but found [Selenium - Google Search]" type="java.lang.AssertionError">
      <![CDATA[java.lang.AssertionError: expected [Selenium] but found [Selenium - Google Search]
at org.testng.Assert.fail(Assert.java:111)
at org.testng.Assert.failNotEquals(Assert.java:1578)
at org.testng.Assert.assertEqualsImpl(Assert.java:150)
at org.testng.Assert.assertEquals(Assert.java:132)
at org.testng.Assert.assertEquals(Assert.java:656)
at org.testng.Assert.assertEquals(Assert.java:666)
at stepDefs.GoogleSearch.i_should_see_search_results_for(GoogleSearch.java:33)
at âœ½.I should see search results for "Selenium"(file:///C:/Users/Venkatesh/git/seleniumTest/Seleniumtest/src/test/resources/Features/GoogleSearch.feature:9)
]]>
    </failure>
  </testcase> <!-- runScenario -->
</testsuite> <!-- runners.GoogleSearhRunner -->
