<?xml version="1.0" encoding="UTF-8"?>
<testng-results ignored="0" total="2" passed="1" failed="1" skipped="0">
  <reporter-output>
  </reporter-output>
  <suite started-at="2024-03-26T10:57:50 IST" name="Default suite" finished-at="2024-03-26T11:00:42 IST" duration-ms="172926">
    <groups>
      <group name="cucumber">
        <method signature="AbstractTestNGCucumberTests.runScenario(io.cucumber.testng.PickleWrapper,io.cucumber.testng.FeatureWrapper)[pri:0, instance:runners.ParallelRunner@302552ec]" name="runScenario" class="io.cucumber.testng.AbstractTestNGCucumberTests"/>
      </group> <!-- cucumber -->
    </groups>
    <test started-at="2024-03-26T10:57:50 IST" name="Default test" finished-at="2024-03-26T11:00:42 IST" duration-ms="172926">
      <class name="runners.ParallelRunner">
        <test-method is-config="true" signature="setUpClass(org.testng.ITestContext)[pri:0, instance:runners.ParallelRunner@302552ec]" started-at="2024-03-26T10:57:50 IST" name="setUpClass" finished-at="2024-03-26T10:57:56 IST" duration-ms="6502" status="PASS">
          <params>
            <param index="0">
              <value>
                <![CDATA[org.testng.TestRunner@553f3b6e]]>
              </value>
            </param>
          </params>
          <reporter-output>
          </reporter-output>
        </test-method> <!-- setUpClass -->
        <test-method signature="runScenario(io.cucumber.testng.PickleWrapper,io.cucumber.testng.FeatureWrapper)[pri:0, instance:runners.ParallelRunner@302552ec]" started-at="2024-03-26T10:57:56 IST" name="runScenario" description="Runs Cucumber Scenarios" data-provider="scenarios" finished-at="2024-03-26T11:00:30 IST" duration-ms="153650" status="PASS">
          <params>
            <param index="0">
              <value>
                <![CDATA["Searching on Google with Parameterization"]]>
              </value>
            </param>
            <param index="1">
              <value>
                <![CDATA["Google Search"]]>
              </value>
            </param>
          </params>
          <reporter-output>
          </reporter-output>
        </test-method> <!-- runScenario -->
        <test-method signature="runScenario(io.cucumber.testng.PickleWrapper,io.cucumber.testng.FeatureWrapper)[pri:0, instance:runners.ParallelRunner@302552ec]" started-at="2024-03-26T10:57:56 IST" name="runScenario" description="Runs Cucumber Scenarios" data-provider="scenarios" finished-at="2024-03-26T11:00:26 IST" duration-ms="149144" status="FAIL">
          <params>
            <param index="0">
              <value>
                <![CDATA["Searching on Google with Parameterization"]]>
              </value>
            </param>
            <param index="1">
              <value>
                <![CDATA["Google Search"]]>
              </value>
            </param>
          </params>
          <exception class="java.lang.AssertionError">
            <message>
              <![CDATA[expected [TestNg1 - Google Search] but found [TestNg - Google Search]]]>
            </message>
            <full-stacktrace>
              <![CDATA[java.lang.AssertionError: expected [TestNg1 - Google Search] but found [TestNg - Google Search]
at org.testng.Assert.fail(Assert.java:111)
at org.testng.Assert.failNotEquals(Assert.java:1578)
at org.testng.Assert.assertEqualsImpl(Assert.java:150)
at org.testng.Assert.assertEquals(Assert.java:132)
at org.testng.Assert.assertEquals(Assert.java:656)
at org.testng.Assert.assertEquals(Assert.java:666)
at stepDefs.GoogleSearch.i_should_see_search_results_for(GoogleSearch.java:37)
at âœ½.I should see search results for "TestNg1 - Google Search"(file:///C:/Users/Venkatesh/git/seleniumTest/Seleniumtest/src/test/resources/Features/GoogleSearch.feature:14)
]]>
            </full-stacktrace>
          </exception> <!-- java.lang.AssertionError -->
          <reporter-output>
          </reporter-output>
        </test-method> <!-- runScenario -->
        <test-method is-config="true" signature="tearDownClass()[pri:0, instance:runners.ParallelRunner@302552ec]" started-at="2024-03-26T11:00:30 IST" name="tearDownClass" finished-at="2024-03-26T11:00:42 IST" duration-ms="12372" status="PASS">
          <reporter-output>
          </reporter-output>
        </test-method> <!-- tearDownClass -->
      </class> <!-- runners.ParallelRunner -->
    </test> <!-- Default test -->
  </suite> <!-- Default suite -->
</testng-results>
